Terminaux inutilisés dans la grammaire

    algorithme
    operateur_et
    operateur_ou
    operateur_non
    operateur_egal_egal
    operateur_inferieur_egal
    operateur_superieur_egal
    operateur_non_egal
    operateur_inferieur
    operateur_superieur
    operateur_mult


Règles inutiles dans l'analyseur à cause de conflits

   52 Operation_logique: %empty

   56 Expression: Expression operateur_plus Expression
   57           | Expression operateur_moins Expression
   58           | Expression operateur_multiplier Expression
   59           | Expression operateur_diviser Expression
   60           | Expression operateur_modulo Expression


État 21 conflits: 8 décalage/réduction, 1 réduction/réduction
État 30 conflits: 1 réduction/réduction
État 33 conflits: 1 décalage/réduction
État 34 conflits: 1 réduction/réduction
État 37 conflits: 8 décalage/réduction, 2 réduction/réduction
État 68 conflits: 1 réduction/réduction
État 78 conflits: 14 réduction/réduction
État 79 conflits: 5 décalage/réduction
État 97 conflits: 6 décalage/réduction
État 104 conflits: 8 décalage/réduction, 1 réduction/réduction
État 118 conflits: 4 décalage/réduction, 16 réduction/réduction
État 119 conflits: 3 décalage/réduction, 18 réduction/réduction
État 120 conflits: 3 décalage/réduction, 17 réduction/réduction
État 121 conflits: 1 décalage/réduction, 19 réduction/réduction
État 122 conflits: 5 décalage/réduction, 20 réduction/réduction


Grammaire

    0 $accept: DebutGlobal $end

    1 DebutGlobal: Fonctions Contenu

    2 Fonctions: fonction variable parentheseOuverte ContenuParenthesesFonction parentheseFermee Retour ContenuFonction Fonctions
    3          | procedure variable parentheseOuverte ContenuParenthesesFonction parentheseFermee Contenu Fonctions
    4          | %empty

    5 ContenuParenthesesFonction: Type Argument Arguments
    6                           | %empty

    7 Arguments: virgule Type Argument Arguments
    8          | %empty

    9 Argument: variable

   10 Retour: double_point Type

   11 Type: typeReel
   12     | typeEntier

   13 ContenuFonction: declaration Declarations debut ListeInstructions Retourner fin

   14 Contenu: declaration Declarations debut ListeInstructions fin

   15 Retourner: retourne Variable_ou_nombre

   16 Declarations: Declaration Declarations
   17             | %empty

   18 Declaration: variable double_point Type

   19 ListeInstructions: Ensemble ListeInstructions
   20                  | %empty

   21 Ensemble: Complexe
   22         | Instruction
   23         | %empty

   24 Complexe: debut_si Operation_logique debut_alors Complexe_Si fin_si
   25         | debut_switch variable debut_parmi Complexe_Switch fin_switch
   26         | debut_pour variable debut_pour_allant_de Variable_ou_nombre debut_pour_a POUR_PAS faire Ensemble fin_pour
   27         | debut_tant_que Operation_logique faire Ensemble fin_tant_que
   28         | faire Ensemble debut_tant_que Operation_logique fin_tant_que

   29 POUR_PAS: debut_pour_pas Variable_ou_nombre
   30         | %empty

   31 Variable_ou_nombre: variable
   32                   | ENTIER

   33 Complexe_Si: Ensemble Complexe_Sinon fin_si

   34 Complexe_Sinon: sinon Ensemble
   35               | %empty

   36 Complexe_Switch: ENTIER double_point Ensemble fin Complexe_Switch
   37                | defaut double_point Ensemble fin

   38 Operation_logique: %empty

   39 Instruction: Calcul
   40            | AppelFonctionSeule

   41 AppelFonctionSeule: fonction_lire parentheseOuverte variable parentheseFermee
   42                   | fonction_ecrire parentheseOuverte variable parentheseFermee
   43                   | variable parentheseOuverte ListeArgumentsAppel parentheseFermee

   44 ListeArgumentsAppel: ArgumentAppel ArgumentsAppel
   45                    | %empty

   46 ArgumentsAppel: virgule ArgumentAppel
   47               | %empty

   48 ArgumentAppel: Variable_ou_nombre

   49 Calcul: variable egal Operation

   50 Operation: parentheseOuverte Expression parentheseFermee
   51          | Expression

   52 Operation_logique: %empty

   53 Expression: ENTIER
   54           | Operation
   55           | variable parentheseOuverte ListeArgumentsAppel parentheseFermee
   56           | Expression operateur_plus Expression
   57           | Expression operateur_moins Expression
   58           | Expression operateur_multiplier Expression
   59           | Expression operateur_diviser Expression
   60           | Expression operateur_modulo Expression


Terminaux, suivis des règles où ils apparaissent

    $end (0) 0
    error (256)
    parentheseOuverte (258) 2 3 41 42 43 50 55
    parentheseFermee (259) 2 3 41 42 43 50 55
    virgule (260) 7 46
    double_point (261) 10 18 36 37
    egal (262) 49
    fonction (263) 2
    procedure (264) 3
    algorithme (265)
    fonction_lire (266) 41
    fonction_ecrire (267) 42
    declaration (268) 13 14
    debut (269) 13 14
    fin (270) 13 14 36 37
    retourne (271) 15
    debut_si (272) 24
    debut_alors (273) 24
    sinon (274) 34
    fin_si (275) 24 33
    debut_switch (276) 25
    debut_parmi (277) 25
    fin_switch (278) 25
    defaut (279) 37
    debut_pour (280) 26
    debut_pour_allant_de (281) 26
    debut_pour_pas (282) 29
    faire (283) 26 27 28
    fin_pour (284) 26
    debut_pour_a (285) 26
    debut_tant_que (286) 27 28
    fin_tant_que (287) 27 28
    typeReel (288) 11
    typeEntier (289) 12
    variable (290) 2 3 9 18 25 26 31 41 42 43 49 55
    operateur_plus (291) 56
    operateur_diviser (292) 59
    operateur_moins (293) 57
    operateur_modulo (294) 60
    operateur_multiplier (295) 58
    operateur_et (296)
    operateur_ou (297)
    operateur_non (298)
    operateur_egal_egal (299)
    operateur_inferieur_egal (300)
    operateur_superieur_egal (301)
    operateur_non_egal (302)
    operateur_inferieur (303)
    operateur_superieur (304)
    ENTIER (305) 32 36 53
    operateur_mult (306)


Non-terminaux, suivis des règles où ils apparaissent

    $accept (52)
        à gauche: 0
    DebutGlobal (53)
        à gauche: 1
        à droite: 0
    Fonctions (54)
        à gauche: 2 3 4
        à droite: 1 2 3
    ContenuParenthesesFonction (55)
        à gauche: 5 6
        à droite: 2 3
    Arguments (56)
        à gauche: 7 8
        à droite: 5 7
    Argument (57)
        à gauche: 9
        à droite: 5 7
    Retour (58)
        à gauche: 10
        à droite: 2
    Type (59)
        à gauche: 11 12
        à droite: 5 7 10 18
    ContenuFonction (60)
        à gauche: 13
        à droite: 2
    Contenu (61)
        à gauche: 14
        à droite: 1 3
    Retourner (62)
        à gauche: 15
        à droite: 13
    Declarations (63)
        à gauche: 16 17
        à droite: 13 14 16
    Declaration (64)
        à gauche: 18
        à droite: 16
    ListeInstructions (65)
        à gauche: 19 20
        à droite: 13 14 19
    Ensemble (66)
        à gauche: 21 22 23
        à droite: 19 26 27 28 33 34 36 37
    Complexe (67)
        à gauche: 24 25 26 27 28
        à droite: 21
    POUR_PAS (68)
        à gauche: 29 30
        à droite: 26
    Variable_ou_nombre (69)
        à gauche: 31 32
        à droite: 15 26 29 48
    Complexe_Si (70)
        à gauche: 33
        à droite: 24
    Complexe_Sinon (71)
        à gauche: 34 35
        à droite: 33
    Complexe_Switch (72)
        à gauche: 36 37
        à droite: 25 36
    Operation_logique (73)
        à gauche: 38 52
        à droite: 24 27 28
    Instruction (74)
        à gauche: 39 40
        à droite: 22
    AppelFonctionSeule (75)
        à gauche: 41 42 43
        à droite: 40
    ListeArgumentsAppel (76)
        à gauche: 44 45
        à droite: 43 55
    ArgumentsAppel (77)
        à gauche: 46 47
        à droite: 44
    ArgumentAppel (78)
        à gauche: 48
        à droite: 44 46
    Calcul (79)
        à gauche: 49
        à droite: 39
    Operation (80)
        à gauche: 50 51
        à droite: 49 54
    Expression (81)
        à gauche: 53 54 55 56 57 58 59 60
        à droite: 50 51 56 57 58 59 60


État 0

    0 $accept: . DebutGlobal $end

    fonction   décalage et aller à l'état 1
    procedure  décalage et aller à l'état 2

    $défaut  réduction par utilisation de la règle 4 (Fonctions)

    DebutGlobal  aller à l'état 3
    Fonctions    aller à l'état 4


État 1

    2 Fonctions: fonction . variable parentheseOuverte ContenuParenthesesFonction parentheseFermee Retour ContenuFonction Fonctions

    variable  décalage et aller à l'état 5


État 2

    3 Fonctions: procedure . variable parentheseOuverte ContenuParenthesesFonction parentheseFermee Contenu Fonctions

    variable  décalage et aller à l'état 6


État 3

    0 $accept: DebutGlobal . $end

    $end  décalage et aller à l'état 7


État 4

    1 DebutGlobal: Fonctions . Contenu

    declaration  décalage et aller à l'état 8

    Contenu  aller à l'état 9


État 5

    2 Fonctions: fonction variable . parentheseOuverte ContenuParenthesesFonction parentheseFermee Retour ContenuFonction Fonctions

    parentheseOuverte  décalage et aller à l'état 10


État 6

    3 Fonctions: procedure variable . parentheseOuverte ContenuParenthesesFonction parentheseFermee Contenu Fonctions

    parentheseOuverte  décalage et aller à l'état 11


État 7

    0 $accept: DebutGlobal $end .

    $défaut  accepter


État 8

   14 Contenu: declaration . Declarations debut ListeInstructions fin

    variable  décalage et aller à l'état 12

    $défaut  réduction par utilisation de la règle 17 (Declarations)

    Declarations  aller à l'état 13
    Declaration   aller à l'état 14


État 9

    1 DebutGlobal: Fonctions Contenu .

    $défaut  réduction par utilisation de la règle 1 (DebutGlobal)


État 10

    2 Fonctions: fonction variable parentheseOuverte . ContenuParenthesesFonction parentheseFermee Retour ContenuFonction Fonctions

    typeReel    décalage et aller à l'état 15
    typeEntier  décalage et aller à l'état 16

    $défaut  réduction par utilisation de la règle 6 (ContenuParenthesesFonction)

    ContenuParenthesesFonction  aller à l'état 17
    Type                        aller à l'état 18


État 11

    3 Fonctions: procedure variable parentheseOuverte . ContenuParenthesesFonction parentheseFermee Contenu Fonctions

    typeReel    décalage et aller à l'état 15
    typeEntier  décalage et aller à l'état 16

    $défaut  réduction par utilisation de la règle 6 (ContenuParenthesesFonction)

    ContenuParenthesesFonction  aller à l'état 19
    Type                        aller à l'état 18


État 12

   18 Declaration: variable . double_point Type

    double_point  décalage et aller à l'état 20


État 13

   14 Contenu: declaration Declarations . debut ListeInstructions fin

    debut  décalage et aller à l'état 21


État 14

   16 Declarations: Declaration . Declarations

    variable  décalage et aller à l'état 12

    $défaut  réduction par utilisation de la règle 17 (Declarations)

    Declarations  aller à l'état 22
    Declaration   aller à l'état 14


État 15

   11 Type: typeReel .

    $défaut  réduction par utilisation de la règle 11 (Type)


État 16

   12 Type: typeEntier .

    $défaut  réduction par utilisation de la règle 12 (Type)


État 17

    2 Fonctions: fonction variable parentheseOuverte ContenuParenthesesFonction . parentheseFermee Retour ContenuFonction Fonctions

    parentheseFermee  décalage et aller à l'état 23


État 18

    5 ContenuParenthesesFonction: Type . Argument Arguments

    variable  décalage et aller à l'état 24

    Argument  aller à l'état 25


État 19

    3 Fonctions: procedure variable parentheseOuverte ContenuParenthesesFonction . parentheseFermee Contenu Fonctions

    parentheseFermee  décalage et aller à l'état 26


État 20

   18 Declaration: variable double_point . Type

    typeReel    décalage et aller à l'état 15
    typeEntier  décalage et aller à l'état 16

    Type  aller à l'état 27


État 21

   14 Contenu: declaration Declarations debut . ListeInstructions fin

    fonction_lire    décalage et aller à l'état 28
    fonction_ecrire  décalage et aller à l'état 29
    debut_si         décalage et aller à l'état 30
    debut_switch     décalage et aller à l'état 31
    debut_pour       décalage et aller à l'état 32
    faire            décalage et aller à l'état 33
    debut_tant_que   décalage et aller à l'état 34
    variable         décalage et aller à l'état 35

    fonction_lire    [réduction par utilisation de la règle 23 (Ensemble)]
    fonction_ecrire  [réduction par utilisation de la règle 23 (Ensemble)]
    fin              réduction par utilisation de la règle 20 (ListeInstructions)
    fin              [réduction par utilisation de la règle 23 (Ensemble)]
    debut_si         [réduction par utilisation de la règle 23 (Ensemble)]
    debut_switch     [réduction par utilisation de la règle 23 (Ensemble)]
    debut_pour       [réduction par utilisation de la règle 23 (Ensemble)]
    faire            [réduction par utilisation de la règle 23 (Ensemble)]
    debut_tant_que   [réduction par utilisation de la règle 23 (Ensemble)]
    variable         [réduction par utilisation de la règle 23 (Ensemble)]
    $défaut         réduction par utilisation de la règle 20 (ListeInstructions)

    ListeInstructions   aller à l'état 36
    Ensemble            aller à l'état 37
    Complexe            aller à l'état 38
    Instruction         aller à l'état 39
    AppelFonctionSeule  aller à l'état 40
    Calcul              aller à l'état 41


État 22

   16 Declarations: Declaration Declarations .

    $défaut  réduction par utilisation de la règle 16 (Declarations)


État 23

    2 Fonctions: fonction variable parentheseOuverte ContenuParenthesesFonction parentheseFermee . Retour ContenuFonction Fonctions

    double_point  décalage et aller à l'état 42

    Retour  aller à l'état 43


État 24

    9 Argument: variable .

    $défaut  réduction par utilisation de la règle 9 (Argument)


État 25

    5 ContenuParenthesesFonction: Type Argument . Arguments

    virgule  décalage et aller à l'état 44

    $défaut  réduction par utilisation de la règle 8 (Arguments)

    Arguments  aller à l'état 45


État 26

    3 Fonctions: procedure variable parentheseOuverte ContenuParenthesesFonction parentheseFermee . Contenu Fonctions

    declaration  décalage et aller à l'état 8

    Contenu  aller à l'état 46


État 27

   18 Declaration: variable double_point Type .

    $défaut  réduction par utilisation de la règle 18 (Declaration)


État 28

   41 AppelFonctionSeule: fonction_lire . parentheseOuverte variable parentheseFermee

    parentheseOuverte  décalage et aller à l'état 47


État 29

   42 AppelFonctionSeule: fonction_ecrire . parentheseOuverte variable parentheseFermee

    parentheseOuverte  décalage et aller à l'état 48


État 30

   24 Complexe: debut_si . Operation_logique debut_alors Complexe_Si fin_si

    debut_alors  réduction par utilisation de la règle 38 (Operation_logique)
    debut_alors  [réduction par utilisation de la règle 52 (Operation_logique)]
    $défaut     réduction par utilisation de la règle 38 (Operation_logique)

    Operation_logique  aller à l'état 49


État 31

   25 Complexe: debut_switch . variable debut_parmi Complexe_Switch fin_switch

    variable  décalage et aller à l'état 50


État 32

   26 Complexe: debut_pour . variable debut_pour_allant_de Variable_ou_nombre debut_pour_a POUR_PAS faire Ensemble fin_pour

    variable  décalage et aller à l'état 51


État 33

   28 Complexe: faire . Ensemble debut_tant_que Operation_logique fin_tant_que

    fonction_lire    décalage et aller à l'état 28
    fonction_ecrire  décalage et aller à l'état 29
    debut_si         décalage et aller à l'état 30
    debut_switch     décalage et aller à l'état 31
    debut_pour       décalage et aller à l'état 32
    faire            décalage et aller à l'état 33
    debut_tant_que   décalage et aller à l'état 34
    variable         décalage et aller à l'état 35

    debut_tant_que  [réduction par utilisation de la règle 23 (Ensemble)]

    Ensemble            aller à l'état 52
    Complexe            aller à l'état 38
    Instruction         aller à l'état 39
    AppelFonctionSeule  aller à l'état 40
    Calcul              aller à l'état 41


État 34

   27 Complexe: debut_tant_que . Operation_logique faire Ensemble fin_tant_que

    faire     réduction par utilisation de la règle 38 (Operation_logique)
    faire     [réduction par utilisation de la règle 52 (Operation_logique)]
    $défaut  réduction par utilisation de la règle 38 (Operation_logique)

    Operation_logique  aller à l'état 53


État 35

   43 AppelFonctionSeule: variable . parentheseOuverte ListeArgumentsAppel parentheseFermee
   49 Calcul: variable . egal Operation

    parentheseOuverte  décalage et aller à l'état 54
    egal               décalage et aller à l'état 55


État 36

   14 Contenu: declaration Declarations debut ListeInstructions . fin

    fin  décalage et aller à l'état 56


État 37

   19 ListeInstructions: Ensemble . ListeInstructions

    fonction_lire    décalage et aller à l'état 28
    fonction_ecrire  décalage et aller à l'état 29
    debut_si         décalage et aller à l'état 30
    debut_switch     décalage et aller à l'état 31
    debut_pour       décalage et aller à l'état 32
    faire            décalage et aller à l'état 33
    debut_tant_que   décalage et aller à l'état 34
    variable         décalage et aller à l'état 35

    fonction_lire    [réduction par utilisation de la règle 23 (Ensemble)]
    fonction_ecrire  [réduction par utilisation de la règle 23 (Ensemble)]
    fin              réduction par utilisation de la règle 20 (ListeInstructions)
    fin              [réduction par utilisation de la règle 23 (Ensemble)]
    retourne         réduction par utilisation de la règle 20 (ListeInstructions)
    retourne         [réduction par utilisation de la règle 23 (Ensemble)]
    debut_si         [réduction par utilisation de la règle 23 (Ensemble)]
    debut_switch     [réduction par utilisation de la règle 23 (Ensemble)]
    debut_pour       [réduction par utilisation de la règle 23 (Ensemble)]
    faire            [réduction par utilisation de la règle 23 (Ensemble)]
    debut_tant_que   [réduction par utilisation de la règle 23 (Ensemble)]
    variable         [réduction par utilisation de la règle 23 (Ensemble)]
    $défaut         réduction par utilisation de la règle 20 (ListeInstructions)

    ListeInstructions   aller à l'état 57
    Ensemble            aller à l'état 37
    Complexe            aller à l'état 38
    Instruction         aller à l'état 39
    AppelFonctionSeule  aller à l'état 40
    Calcul              aller à l'état 41


État 38

   21 Ensemble: Complexe .

    $défaut  réduction par utilisation de la règle 21 (Ensemble)


État 39

   22 Ensemble: Instruction .

    $défaut  réduction par utilisation de la règle 22 (Ensemble)


État 40

   40 Instruction: AppelFonctionSeule .

    $défaut  réduction par utilisation de la règle 40 (Instruction)


État 41

   39 Instruction: Calcul .

    $défaut  réduction par utilisation de la règle 39 (Instruction)


État 42

   10 Retour: double_point . Type

    typeReel    décalage et aller à l'état 15
    typeEntier  décalage et aller à l'état 16

    Type  aller à l'état 58


État 43

    2 Fonctions: fonction variable parentheseOuverte ContenuParenthesesFonction parentheseFermee Retour . ContenuFonction Fonctions

    declaration  décalage et aller à l'état 59

    ContenuFonction  aller à l'état 60


État 44

    7 Arguments: virgule . Type Argument Arguments

    typeReel    décalage et aller à l'état 15
    typeEntier  décalage et aller à l'état 16

    Type  aller à l'état 61


État 45

    5 ContenuParenthesesFonction: Type Argument Arguments .

    $défaut  réduction par utilisation de la règle 5 (ContenuParenthesesFonction)


État 46

    3 Fonctions: procedure variable parentheseOuverte ContenuParenthesesFonction parentheseFermee Contenu . Fonctions

    fonction   décalage et aller à l'état 1
    procedure  décalage et aller à l'état 2

    $défaut  réduction par utilisation de la règle 4 (Fonctions)

    Fonctions  aller à l'état 62


État 47

   41 AppelFonctionSeule: fonction_lire parentheseOuverte . variable parentheseFermee

    variable  décalage et aller à l'état 63


État 48

   42 AppelFonctionSeule: fonction_ecrire parentheseOuverte . variable parentheseFermee

    variable  décalage et aller à l'état 64


État 49

   24 Complexe: debut_si Operation_logique . debut_alors Complexe_Si fin_si

    debut_alors  décalage et aller à l'état 65


État 50

   25 Complexe: debut_switch variable . debut_parmi Complexe_Switch fin_switch

    debut_parmi  décalage et aller à l'état 66


État 51

   26 Complexe: debut_pour variable . debut_pour_allant_de Variable_ou_nombre debut_pour_a POUR_PAS faire Ensemble fin_pour

    debut_pour_allant_de  décalage et aller à l'état 67


État 52

   28 Complexe: faire Ensemble . debut_tant_que Operation_logique fin_tant_que

    debut_tant_que  décalage et aller à l'état 68


État 53

   27 Complexe: debut_tant_que Operation_logique . faire Ensemble fin_tant_que

    faire  décalage et aller à l'état 69


État 54

   43 AppelFonctionSeule: variable parentheseOuverte . ListeArgumentsAppel parentheseFermee

    variable  décalage et aller à l'état 70
    ENTIER    décalage et aller à l'état 71

    $défaut  réduction par utilisation de la règle 45 (ListeArgumentsAppel)

    Variable_ou_nombre   aller à l'état 72
    ListeArgumentsAppel  aller à l'état 73
    ArgumentAppel        aller à l'état 74


État 55

   49 Calcul: variable egal . Operation

    parentheseOuverte  décalage et aller à l'état 75
    variable           décalage et aller à l'état 76
    ENTIER             décalage et aller à l'état 77

    Operation   aller à l'état 78
    Expression  aller à l'état 79


État 56

   14 Contenu: declaration Declarations debut ListeInstructions fin .

    $défaut  réduction par utilisation de la règle 14 (Contenu)


État 57

   19 ListeInstructions: Ensemble ListeInstructions .

    $défaut  réduction par utilisation de la règle 19 (ListeInstructions)


État 58

   10 Retour: double_point Type .

    $défaut  réduction par utilisation de la règle 10 (Retour)


État 59

   13 ContenuFonction: declaration . Declarations debut ListeInstructions Retourner fin

    variable  décalage et aller à l'état 12

    $défaut  réduction par utilisation de la règle 17 (Declarations)

    Declarations  aller à l'état 80
    Declaration   aller à l'état 14


État 60

    2 Fonctions: fonction variable parentheseOuverte ContenuParenthesesFonction parentheseFermee Retour ContenuFonction . Fonctions

    fonction   décalage et aller à l'état 1
    procedure  décalage et aller à l'état 2

    $défaut  réduction par utilisation de la règle 4 (Fonctions)

    Fonctions  aller à l'état 81


État 61

    7 Arguments: virgule Type . Argument Arguments

    variable  décalage et aller à l'état 24

    Argument  aller à l'état 82


État 62

    3 Fonctions: procedure variable parentheseOuverte ContenuParenthesesFonction parentheseFermee Contenu Fonctions .

    $défaut  réduction par utilisation de la règle 3 (Fonctions)


État 63

   41 AppelFonctionSeule: fonction_lire parentheseOuverte variable . parentheseFermee

    parentheseFermee  décalage et aller à l'état 83


État 64

   42 AppelFonctionSeule: fonction_ecrire parentheseOuverte variable . parentheseFermee

    parentheseFermee  décalage et aller à l'état 84


État 65

   24 Complexe: debut_si Operation_logique debut_alors . Complexe_Si fin_si

    fonction_lire    décalage et aller à l'état 28
    fonction_ecrire  décalage et aller à l'état 29
    debut_si         décalage et aller à l'état 30
    debut_switch     décalage et aller à l'état 31
    debut_pour       décalage et aller à l'état 32
    faire            décalage et aller à l'état 33
    debut_tant_que   décalage et aller à l'état 34
    variable         décalage et aller à l'état 35

    $défaut  réduction par utilisation de la règle 23 (Ensemble)

    Ensemble            aller à l'état 85
    Complexe            aller à l'état 38
    Complexe_Si         aller à l'état 86
    Instruction         aller à l'état 39
    AppelFonctionSeule  aller à l'état 40
    Calcul              aller à l'état 41


État 66

   25 Complexe: debut_switch variable debut_parmi . Complexe_Switch fin_switch

    defaut  décalage et aller à l'état 87
    ENTIER  décalage et aller à l'état 88

    Complexe_Switch  aller à l'état 89


État 67

   26 Complexe: debut_pour variable debut_pour_allant_de . Variable_ou_nombre debut_pour_a POUR_PAS faire Ensemble fin_pour

    variable  décalage et aller à l'état 70
    ENTIER    décalage et aller à l'état 71

    Variable_ou_nombre  aller à l'état 90


État 68

   28 Complexe: faire Ensemble debut_tant_que . Operation_logique fin_tant_que

    fin_tant_que  réduction par utilisation de la règle 38 (Operation_logique)
    fin_tant_que  [réduction par utilisation de la règle 52 (Operation_logique)]
    $défaut      réduction par utilisation de la règle 38 (Operation_logique)

    Operation_logique  aller à l'état 91


État 69

   27 Complexe: debut_tant_que Operation_logique faire . Ensemble fin_tant_que

    fonction_lire    décalage et aller à l'état 28
    fonction_ecrire  décalage et aller à l'état 29
    debut_si         décalage et aller à l'état 30
    debut_switch     décalage et aller à l'état 31
    debut_pour       décalage et aller à l'état 32
    faire            décalage et aller à l'état 33
    debut_tant_que   décalage et aller à l'état 34
    variable         décalage et aller à l'état 35

    $défaut  réduction par utilisation de la règle 23 (Ensemble)

    Ensemble            aller à l'état 92
    Complexe            aller à l'état 38
    Instruction         aller à l'état 39
    AppelFonctionSeule  aller à l'état 40
    Calcul              aller à l'état 41


État 70

   31 Variable_ou_nombre: variable .

    $défaut  réduction par utilisation de la règle 31 (Variable_ou_nombre)


État 71

   32 Variable_ou_nombre: ENTIER .

    $défaut  réduction par utilisation de la règle 32 (Variable_ou_nombre)


État 72

   48 ArgumentAppel: Variable_ou_nombre .

    $défaut  réduction par utilisation de la règle 48 (ArgumentAppel)


État 73

   43 AppelFonctionSeule: variable parentheseOuverte ListeArgumentsAppel . parentheseFermee

    parentheseFermee  décalage et aller à l'état 93


État 74

   44 ListeArgumentsAppel: ArgumentAppel . ArgumentsAppel

    virgule  décalage et aller à l'état 94

    $défaut  réduction par utilisation de la règle 47 (ArgumentsAppel)

    ArgumentsAppel  aller à l'état 95


État 75

   50 Operation: parentheseOuverte . Expression parentheseFermee

    parentheseOuverte  décalage et aller à l'état 75
    variable           décalage et aller à l'état 76
    ENTIER             décalage et aller à l'état 77

    Operation   aller à l'état 96
    Expression  aller à l'état 97


État 76

   55 Expression: variable . parentheseOuverte ListeArgumentsAppel parentheseFermee

    parentheseOuverte  décalage et aller à l'état 98


État 77

   53 Expression: ENTIER .

    $défaut  réduction par utilisation de la règle 53 (Expression)


État 78

   49 Calcul: variable egal Operation .
   54 Expression: Operation .

    fonction_lire         réduction par utilisation de la règle 49 (Calcul)
    fonction_lire         [réduction par utilisation de la règle 54 (Expression)]
    fonction_ecrire       réduction par utilisation de la règle 49 (Calcul)
    fonction_ecrire       [réduction par utilisation de la règle 54 (Expression)]
    fin                   réduction par utilisation de la règle 49 (Calcul)
    fin                   [réduction par utilisation de la règle 54 (Expression)]
    retourne              réduction par utilisation de la règle 49 (Calcul)
    retourne              [réduction par utilisation de la règle 54 (Expression)]
    debut_si              réduction par utilisation de la règle 49 (Calcul)
    debut_si              [réduction par utilisation de la règle 54 (Expression)]
    sinon                 réduction par utilisation de la règle 49 (Calcul)
    sinon                 [réduction par utilisation de la règle 54 (Expression)]
    fin_si                réduction par utilisation de la règle 49 (Calcul)
    fin_si                [réduction par utilisation de la règle 54 (Expression)]
    debut_switch          réduction par utilisation de la règle 49 (Calcul)
    debut_switch          [réduction par utilisation de la règle 54 (Expression)]
    debut_pour            réduction par utilisation de la règle 49 (Calcul)
    debut_pour            [réduction par utilisation de la règle 54 (Expression)]
    faire                 réduction par utilisation de la règle 49 (Calcul)
    faire                 [réduction par utilisation de la règle 54 (Expression)]
    fin_pour              réduction par utilisation de la règle 49 (Calcul)
    fin_pour              [réduction par utilisation de la règle 54 (Expression)]
    debut_tant_que        réduction par utilisation de la règle 49 (Calcul)
    debut_tant_que        [réduction par utilisation de la règle 54 (Expression)]
    fin_tant_que          réduction par utilisation de la règle 49 (Calcul)
    fin_tant_que          [réduction par utilisation de la règle 54 (Expression)]
    variable              réduction par utilisation de la règle 49 (Calcul)
    variable              [réduction par utilisation de la règle 54 (Expression)]
    operateur_plus        réduction par utilisation de la règle 54 (Expression)
    operateur_diviser     réduction par utilisation de la règle 54 (Expression)
    operateur_moins       réduction par utilisation de la règle 54 (Expression)
    operateur_modulo      réduction par utilisation de la règle 54 (Expression)
    operateur_multiplier  réduction par utilisation de la règle 54 (Expression)
    $défaut              réduction par utilisation de la règle 49 (Calcul)


État 79

   51 Operation: Expression .
   56 Expression: Expression . operateur_plus Expression
   57           | Expression . operateur_moins Expression
   58           | Expression . operateur_multiplier Expression
   59           | Expression . operateur_diviser Expression
   60           | Expression . operateur_modulo Expression

    operateur_plus        décalage et aller à l'état 99
    operateur_diviser     décalage et aller à l'état 100
    operateur_moins       décalage et aller à l'état 101
    operateur_modulo      décalage et aller à l'état 102
    operateur_multiplier  décalage et aller à l'état 103

    operateur_plus        [réduction par utilisation de la règle 51 (Operation)]
    operateur_diviser     [réduction par utilisation de la règle 51 (Operation)]
    operateur_moins       [réduction par utilisation de la règle 51 (Operation)]
    operateur_modulo      [réduction par utilisation de la règle 51 (Operation)]
    operateur_multiplier  [réduction par utilisation de la règle 51 (Operation)]
    $défaut              réduction par utilisation de la règle 51 (Operation)


État 80

   13 ContenuFonction: declaration Declarations . debut ListeInstructions Retourner fin

    debut  décalage et aller à l'état 104


État 81

    2 Fonctions: fonction variable parentheseOuverte ContenuParenthesesFonction parentheseFermee Retour ContenuFonction Fonctions .

    $défaut  réduction par utilisation de la règle 2 (Fonctions)


État 82

    7 Arguments: virgule Type Argument . Arguments

    virgule  décalage et aller à l'état 44

    $défaut  réduction par utilisation de la règle 8 (Arguments)

    Arguments  aller à l'état 105


État 83

   41 AppelFonctionSeule: fonction_lire parentheseOuverte variable parentheseFermee .

    $défaut  réduction par utilisation de la règle 41 (AppelFonctionSeule)


État 84

   42 AppelFonctionSeule: fonction_ecrire parentheseOuverte variable parentheseFermee .

    $défaut  réduction par utilisation de la règle 42 (AppelFonctionSeule)


État 85

   33 Complexe_Si: Ensemble . Complexe_Sinon fin_si

    sinon  décalage et aller à l'état 106

    $défaut  réduction par utilisation de la règle 35 (Complexe_Sinon)

    Complexe_Sinon  aller à l'état 107


État 86

   24 Complexe: debut_si Operation_logique debut_alors Complexe_Si . fin_si

    fin_si  décalage et aller à l'état 108


État 87

   37 Complexe_Switch: defaut . double_point Ensemble fin

    double_point  décalage et aller à l'état 109


État 88

   36 Complexe_Switch: ENTIER . double_point Ensemble fin Complexe_Switch

    double_point  décalage et aller à l'état 110


État 89

   25 Complexe: debut_switch variable debut_parmi Complexe_Switch . fin_switch

    fin_switch  décalage et aller à l'état 111


État 90

   26 Complexe: debut_pour variable debut_pour_allant_de Variable_ou_nombre . debut_pour_a POUR_PAS faire Ensemble fin_pour

    debut_pour_a  décalage et aller à l'état 112


État 91

   28 Complexe: faire Ensemble debut_tant_que Operation_logique . fin_tant_que

    fin_tant_que  décalage et aller à l'état 113


État 92

   27 Complexe: debut_tant_que Operation_logique faire Ensemble . fin_tant_que

    fin_tant_que  décalage et aller à l'état 114


État 93

   43 AppelFonctionSeule: variable parentheseOuverte ListeArgumentsAppel parentheseFermee .

    $défaut  réduction par utilisation de la règle 43 (AppelFonctionSeule)


État 94

   46 ArgumentsAppel: virgule . ArgumentAppel

    variable  décalage et aller à l'état 70
    ENTIER    décalage et aller à l'état 71

    Variable_ou_nombre  aller à l'état 72
    ArgumentAppel       aller à l'état 115


État 95

   44 ListeArgumentsAppel: ArgumentAppel ArgumentsAppel .

    $défaut  réduction par utilisation de la règle 44 (ListeArgumentsAppel)


État 96

   54 Expression: Operation .

    $défaut  réduction par utilisation de la règle 54 (Expression)


État 97

   50 Operation: parentheseOuverte Expression . parentheseFermee
   51          | Expression .
   56 Expression: Expression . operateur_plus Expression
   57           | Expression . operateur_moins Expression
   58           | Expression . operateur_multiplier Expression
   59           | Expression . operateur_diviser Expression
   60           | Expression . operateur_modulo Expression

    parentheseFermee      décalage et aller à l'état 116
    operateur_plus        décalage et aller à l'état 99
    operateur_diviser     décalage et aller à l'état 100
    operateur_moins       décalage et aller à l'état 101
    operateur_modulo      décalage et aller à l'état 102
    operateur_multiplier  décalage et aller à l'état 103

    parentheseFermee      [réduction par utilisation de la règle 51 (Operation)]
    operateur_plus        [réduction par utilisation de la règle 51 (Operation)]
    operateur_diviser     [réduction par utilisation de la règle 51 (Operation)]
    operateur_moins       [réduction par utilisation de la règle 51 (Operation)]
    operateur_modulo      [réduction par utilisation de la règle 51 (Operation)]
    operateur_multiplier  [réduction par utilisation de la règle 51 (Operation)]


État 98

   55 Expression: variable parentheseOuverte . ListeArgumentsAppel parentheseFermee

    variable  décalage et aller à l'état 70
    ENTIER    décalage et aller à l'état 71

    $défaut  réduction par utilisation de la règle 45 (ListeArgumentsAppel)

    Variable_ou_nombre   aller à l'état 72
    ListeArgumentsAppel  aller à l'état 117
    ArgumentAppel        aller à l'état 74


État 99

   56 Expression: Expression operateur_plus . Expression

    parentheseOuverte  décalage et aller à l'état 75
    variable           décalage et aller à l'état 76
    ENTIER             décalage et aller à l'état 77

    Operation   aller à l'état 96
    Expression  aller à l'état 118


État 100

   59 Expression: Expression operateur_diviser . Expression

    parentheseOuverte  décalage et aller à l'état 75
    variable           décalage et aller à l'état 76
    ENTIER             décalage et aller à l'état 77

    Operation   aller à l'état 96
    Expression  aller à l'état 119


État 101

   57 Expression: Expression operateur_moins . Expression

    parentheseOuverte  décalage et aller à l'état 75
    variable           décalage et aller à l'état 76
    ENTIER             décalage et aller à l'état 77

    Operation   aller à l'état 96
    Expression  aller à l'état 120


État 102

   60 Expression: Expression operateur_modulo . Expression

    parentheseOuverte  décalage et aller à l'état 75
    variable           décalage et aller à l'état 76
    ENTIER             décalage et aller à l'état 77

    Operation   aller à l'état 96
    Expression  aller à l'état 121


État 103

   58 Expression: Expression operateur_multiplier . Expression

    parentheseOuverte  décalage et aller à l'état 75
    variable           décalage et aller à l'état 76
    ENTIER             décalage et aller à l'état 77

    Operation   aller à l'état 96
    Expression  aller à l'état 122


État 104

   13 ContenuFonction: declaration Declarations debut . ListeInstructions Retourner fin

    fonction_lire    décalage et aller à l'état 28
    fonction_ecrire  décalage et aller à l'état 29
    debut_si         décalage et aller à l'état 30
    debut_switch     décalage et aller à l'état 31
    debut_pour       décalage et aller à l'état 32
    faire            décalage et aller à l'état 33
    debut_tant_que   décalage et aller à l'état 34
    variable         décalage et aller à l'état 35

    fonction_lire    [réduction par utilisation de la règle 23 (Ensemble)]
    fonction_ecrire  [réduction par utilisation de la règle 23 (Ensemble)]
    retourne         réduction par utilisation de la règle 20 (ListeInstructions)
    retourne         [réduction par utilisation de la règle 23 (Ensemble)]
    debut_si         [réduction par utilisation de la règle 23 (Ensemble)]
    debut_switch     [réduction par utilisation de la règle 23 (Ensemble)]
    debut_pour       [réduction par utilisation de la règle 23 (Ensemble)]
    faire            [réduction par utilisation de la règle 23 (Ensemble)]
    debut_tant_que   [réduction par utilisation de la règle 23 (Ensemble)]
    variable         [réduction par utilisation de la règle 23 (Ensemble)]
    $défaut         réduction par utilisation de la règle 20 (ListeInstructions)

    ListeInstructions   aller à l'état 123
    Ensemble            aller à l'état 37
    Complexe            aller à l'état 38
    Instruction         aller à l'état 39
    AppelFonctionSeule  aller à l'état 40
    Calcul              aller à l'état 41


État 105

    7 Arguments: virgule Type Argument Arguments .

    $défaut  réduction par utilisation de la règle 7 (Arguments)


État 106

   34 Complexe_Sinon: sinon . Ensemble

    fonction_lire    décalage et aller à l'état 28
    fonction_ecrire  décalage et aller à l'état 29
    debut_si         décalage et aller à l'état 30
    debut_switch     décalage et aller à l'état 31
    debut_pour       décalage et aller à l'état 32
    faire            décalage et aller à l'état 33
    debut_tant_que   décalage et aller à l'état 34
    variable         décalage et aller à l'état 35

    $défaut  réduction par utilisation de la règle 23 (Ensemble)

    Ensemble            aller à l'état 124
    Complexe            aller à l'état 38
    Instruction         aller à l'état 39
    AppelFonctionSeule  aller à l'état 40
    Calcul              aller à l'état 41


État 107

   33 Complexe_Si: Ensemble Complexe_Sinon . fin_si

    fin_si  décalage et aller à l'état 125


État 108

   24 Complexe: debut_si Operation_logique debut_alors Complexe_Si fin_si .

    $défaut  réduction par utilisation de la règle 24 (Complexe)


État 109

   37 Complexe_Switch: defaut double_point . Ensemble fin

    fonction_lire    décalage et aller à l'état 28
    fonction_ecrire  décalage et aller à l'état 29
    debut_si         décalage et aller à l'état 30
    debut_switch     décalage et aller à l'état 31
    debut_pour       décalage et aller à l'état 32
    faire            décalage et aller à l'état 33
    debut_tant_que   décalage et aller à l'état 34
    variable         décalage et aller à l'état 35

    $défaut  réduction par utilisation de la règle 23 (Ensemble)

    Ensemble            aller à l'état 126
    Complexe            aller à l'état 38
    Instruction         aller à l'état 39
    AppelFonctionSeule  aller à l'état 40
    Calcul              aller à l'état 41


État 110

   36 Complexe_Switch: ENTIER double_point . Ensemble fin Complexe_Switch

    fonction_lire    décalage et aller à l'état 28
    fonction_ecrire  décalage et aller à l'état 29
    debut_si         décalage et aller à l'état 30
    debut_switch     décalage et aller à l'état 31
    debut_pour       décalage et aller à l'état 32
    faire            décalage et aller à l'état 33
    debut_tant_que   décalage et aller à l'état 34
    variable         décalage et aller à l'état 35

    $défaut  réduction par utilisation de la règle 23 (Ensemble)

    Ensemble            aller à l'état 127
    Complexe            aller à l'état 38
    Instruction         aller à l'état 39
    AppelFonctionSeule  aller à l'état 40
    Calcul              aller à l'état 41


État 111

   25 Complexe: debut_switch variable debut_parmi Complexe_Switch fin_switch .

    $défaut  réduction par utilisation de la règle 25 (Complexe)


État 112

   26 Complexe: debut_pour variable debut_pour_allant_de Variable_ou_nombre debut_pour_a . POUR_PAS faire Ensemble fin_pour

    debut_pour_pas  décalage et aller à l'état 128

    $défaut  réduction par utilisation de la règle 30 (POUR_PAS)

    POUR_PAS  aller à l'état 129


État 113

   28 Complexe: faire Ensemble debut_tant_que Operation_logique fin_tant_que .

    $défaut  réduction par utilisation de la règle 28 (Complexe)


État 114

   27 Complexe: debut_tant_que Operation_logique faire Ensemble fin_tant_que .

    $défaut  réduction par utilisation de la règle 27 (Complexe)


État 115

   46 ArgumentsAppel: virgule ArgumentAppel .

    $défaut  réduction par utilisation de la règle 46 (ArgumentsAppel)


État 116

   50 Operation: parentheseOuverte Expression parentheseFermee .

    $défaut  réduction par utilisation de la règle 50 (Operation)


État 117

   55 Expression: variable parentheseOuverte ListeArgumentsAppel . parentheseFermee

    parentheseFermee  décalage et aller à l'état 130


État 118

   51 Operation: Expression .
   56 Expression: Expression . operateur_plus Expression
   56           | Expression operateur_plus Expression .
   57           | Expression . operateur_moins Expression
   58           | Expression . operateur_multiplier Expression
   59           | Expression . operateur_diviser Expression
   60           | Expression . operateur_modulo Expression

    operateur_diviser     décalage et aller à l'état 100
    operateur_moins       décalage et aller à l'état 101
    operateur_modulo      décalage et aller à l'état 102
    operateur_multiplier  décalage et aller à l'état 103

    operateur_plus  erreur (non-associative)

    parentheseFermee      réduction par utilisation de la règle 51 (Operation)
    parentheseFermee      [réduction par utilisation de la règle 56 (Expression)]
    fonction_lire         réduction par utilisation de la règle 51 (Operation)
    fonction_lire         [réduction par utilisation de la règle 56 (Expression)]
    fonction_ecrire       réduction par utilisation de la règle 51 (Operation)
    fonction_ecrire       [réduction par utilisation de la règle 56 (Expression)]
    fin                   réduction par utilisation de la règle 51 (Operation)
    fin                   [réduction par utilisation de la règle 56 (Expression)]
    retourne              réduction par utilisation de la règle 51 (Operation)
    retourne              [réduction par utilisation de la règle 56 (Expression)]
    debut_si              réduction par utilisation de la règle 51 (Operation)
    debut_si              [réduction par utilisation de la règle 56 (Expression)]
    sinon                 réduction par utilisation de la règle 51 (Operation)
    sinon                 [réduction par utilisation de la règle 56 (Expression)]
    fin_si                réduction par utilisation de la règle 51 (Operation)
    fin_si                [réduction par utilisation de la règle 56 (Expression)]
    debut_switch          réduction par utilisation de la règle 51 (Operation)
    debut_switch          [réduction par utilisation de la règle 56 (Expression)]
    debut_pour            réduction par utilisation de la règle 51 (Operation)
    debut_pour            [réduction par utilisation de la règle 56 (Expression)]
    faire                 réduction par utilisation de la règle 51 (Operation)
    faire                 [réduction par utilisation de la règle 56 (Expression)]
    fin_pour              réduction par utilisation de la règle 51 (Operation)
    fin_pour              [réduction par utilisation de la règle 56 (Expression)]
    debut_tant_que        réduction par utilisation de la règle 51 (Operation)
    debut_tant_que        [réduction par utilisation de la règle 56 (Expression)]
    fin_tant_que          réduction par utilisation de la règle 51 (Operation)
    fin_tant_que          [réduction par utilisation de la règle 56 (Expression)]
    variable              réduction par utilisation de la règle 51 (Operation)
    variable              [réduction par utilisation de la règle 56 (Expression)]
    operateur_plus        [réduction par utilisation de la règle 51 (Operation)]
    operateur_diviser     [réduction par utilisation de la règle 51 (Operation)]
    operateur_moins       [réduction par utilisation de la règle 51 (Operation)]
    operateur_modulo      [réduction par utilisation de la règle 51 (Operation)]
    operateur_multiplier  [réduction par utilisation de la règle 51 (Operation)]
    operateur_multiplier  [réduction par utilisation de la règle 56 (Expression)]
    $défaut              réduction par utilisation de la règle 51 (Operation)


État 119

   51 Operation: Expression .
   56 Expression: Expression . operateur_plus Expression
   57           | Expression . operateur_moins Expression
   58           | Expression . operateur_multiplier Expression
   59           | Expression . operateur_diviser Expression
   59           | Expression operateur_diviser Expression .
   60           | Expression . operateur_modulo Expression

    operateur_diviser     décalage et aller à l'état 100
    operateur_modulo      décalage et aller à l'état 102
    operateur_multiplier  décalage et aller à l'état 103

    parentheseFermee      réduction par utilisation de la règle 51 (Operation)
    parentheseFermee      [réduction par utilisation de la règle 59 (Expression)]
    fonction_lire         réduction par utilisation de la règle 51 (Operation)
    fonction_lire         [réduction par utilisation de la règle 59 (Expression)]
    fonction_ecrire       réduction par utilisation de la règle 51 (Operation)
    fonction_ecrire       [réduction par utilisation de la règle 59 (Expression)]
    fin                   réduction par utilisation de la règle 51 (Operation)
    fin                   [réduction par utilisation de la règle 59 (Expression)]
    retourne              réduction par utilisation de la règle 51 (Operation)
    retourne              [réduction par utilisation de la règle 59 (Expression)]
    debut_si              réduction par utilisation de la règle 51 (Operation)
    debut_si              [réduction par utilisation de la règle 59 (Expression)]
    sinon                 réduction par utilisation de la règle 51 (Operation)
    sinon                 [réduction par utilisation de la règle 59 (Expression)]
    fin_si                réduction par utilisation de la règle 51 (Operation)
    fin_si                [réduction par utilisation de la règle 59 (Expression)]
    debut_switch          réduction par utilisation de la règle 51 (Operation)
    debut_switch          [réduction par utilisation de la règle 59 (Expression)]
    debut_pour            réduction par utilisation de la règle 51 (Operation)
    debut_pour            [réduction par utilisation de la règle 59 (Expression)]
    faire                 réduction par utilisation de la règle 51 (Operation)
    faire                 [réduction par utilisation de la règle 59 (Expression)]
    fin_pour              réduction par utilisation de la règle 51 (Operation)
    fin_pour              [réduction par utilisation de la règle 59 (Expression)]
    debut_tant_que        réduction par utilisation de la règle 51 (Operation)
    debut_tant_que        [réduction par utilisation de la règle 59 (Expression)]
    fin_tant_que          réduction par utilisation de la règle 51 (Operation)
    fin_tant_que          [réduction par utilisation de la règle 59 (Expression)]
    variable              réduction par utilisation de la règle 51 (Operation)
    variable              [réduction par utilisation de la règle 59 (Expression)]
    operateur_plus        réduction par utilisation de la règle 51 (Operation)
    operateur_plus        [réduction par utilisation de la règle 59 (Expression)]
    operateur_diviser     [réduction par utilisation de la règle 51 (Operation)]
    operateur_moins       réduction par utilisation de la règle 51 (Operation)
    operateur_moins       [réduction par utilisation de la règle 59 (Expression)]
    operateur_modulo      [réduction par utilisation de la règle 51 (Operation)]
    operateur_multiplier  [réduction par utilisation de la règle 51 (Operation)]
    operateur_multiplier  [réduction par utilisation de la règle 59 (Expression)]
    $défaut              réduction par utilisation de la règle 51 (Operation)


État 120

   51 Operation: Expression .
   56 Expression: Expression . operateur_plus Expression
   57           | Expression . operateur_moins Expression
   57           | Expression operateur_moins Expression .
   58           | Expression . operateur_multiplier Expression
   59           | Expression . operateur_diviser Expression
   60           | Expression . operateur_modulo Expression

    operateur_diviser     décalage et aller à l'état 100
    operateur_modulo      décalage et aller à l'état 102
    operateur_multiplier  décalage et aller à l'état 103

    operateur_moins  erreur (non-associative)

    parentheseFermee      réduction par utilisation de la règle 51 (Operation)
    parentheseFermee      [réduction par utilisation de la règle 57 (Expression)]
    fonction_lire         réduction par utilisation de la règle 51 (Operation)
    fonction_lire         [réduction par utilisation de la règle 57 (Expression)]
    fonction_ecrire       réduction par utilisation de la règle 51 (Operation)
    fonction_ecrire       [réduction par utilisation de la règle 57 (Expression)]
    fin                   réduction par utilisation de la règle 51 (Operation)
    fin                   [réduction par utilisation de la règle 57 (Expression)]
    retourne              réduction par utilisation de la règle 51 (Operation)
    retourne              [réduction par utilisation de la règle 57 (Expression)]
    debut_si              réduction par utilisation de la règle 51 (Operation)
    debut_si              [réduction par utilisation de la règle 57 (Expression)]
    sinon                 réduction par utilisation de la règle 51 (Operation)
    sinon                 [réduction par utilisation de la règle 57 (Expression)]
    fin_si                réduction par utilisation de la règle 51 (Operation)
    fin_si                [réduction par utilisation de la règle 57 (Expression)]
    debut_switch          réduction par utilisation de la règle 51 (Operation)
    debut_switch          [réduction par utilisation de la règle 57 (Expression)]
    debut_pour            réduction par utilisation de la règle 51 (Operation)
    debut_pour            [réduction par utilisation de la règle 57 (Expression)]
    faire                 réduction par utilisation de la règle 51 (Operation)
    faire                 [réduction par utilisation de la règle 57 (Expression)]
    fin_pour              réduction par utilisation de la règle 51 (Operation)
    fin_pour              [réduction par utilisation de la règle 57 (Expression)]
    debut_tant_que        réduction par utilisation de la règle 51 (Operation)
    debut_tant_que        [réduction par utilisation de la règle 57 (Expression)]
    fin_tant_que          réduction par utilisation de la règle 51 (Operation)
    fin_tant_que          [réduction par utilisation de la règle 57 (Expression)]
    variable              réduction par utilisation de la règle 51 (Operation)
    variable              [réduction par utilisation de la règle 57 (Expression)]
    operateur_plus        réduction par utilisation de la règle 51 (Operation)
    operateur_plus        [réduction par utilisation de la règle 57 (Expression)]
    operateur_diviser     [réduction par utilisation de la règle 51 (Operation)]
    operateur_moins       [réduction par utilisation de la règle 51 (Operation)]
    operateur_modulo      [réduction par utilisation de la règle 51 (Operation)]
    operateur_multiplier  [réduction par utilisation de la règle 51 (Operation)]
    operateur_multiplier  [réduction par utilisation de la règle 57 (Expression)]
    $défaut              réduction par utilisation de la règle 51 (Operation)


État 121

   51 Operation: Expression .
   56 Expression: Expression . operateur_plus Expression
   57           | Expression . operateur_moins Expression
   58           | Expression . operateur_multiplier Expression
   59           | Expression . operateur_diviser Expression
   60           | Expression . operateur_modulo Expression
   60           | Expression operateur_modulo Expression .

    operateur_multiplier  décalage et aller à l'état 103

    operateur_modulo  erreur (non-associative)

    parentheseFermee      réduction par utilisation de la règle 51 (Operation)
    parentheseFermee      [réduction par utilisation de la règle 60 (Expression)]
    fonction_lire         réduction par utilisation de la règle 51 (Operation)
    fonction_lire         [réduction par utilisation de la règle 60 (Expression)]
    fonction_ecrire       réduction par utilisation de la règle 51 (Operation)
    fonction_ecrire       [réduction par utilisation de la règle 60 (Expression)]
    fin                   réduction par utilisation de la règle 51 (Operation)
    fin                   [réduction par utilisation de la règle 60 (Expression)]
    retourne              réduction par utilisation de la règle 51 (Operation)
    retourne              [réduction par utilisation de la règle 60 (Expression)]
    debut_si              réduction par utilisation de la règle 51 (Operation)
    debut_si              [réduction par utilisation de la règle 60 (Expression)]
    sinon                 réduction par utilisation de la règle 51 (Operation)
    sinon                 [réduction par utilisation de la règle 60 (Expression)]
    fin_si                réduction par utilisation de la règle 51 (Operation)
    fin_si                [réduction par utilisation de la règle 60 (Expression)]
    debut_switch          réduction par utilisation de la règle 51 (Operation)
    debut_switch          [réduction par utilisation de la règle 60 (Expression)]
    debut_pour            réduction par utilisation de la règle 51 (Operation)
    debut_pour            [réduction par utilisation de la règle 60 (Expression)]
    faire                 réduction par utilisation de la règle 51 (Operation)
    faire                 [réduction par utilisation de la règle 60 (Expression)]
    fin_pour              réduction par utilisation de la règle 51 (Operation)
    fin_pour              [réduction par utilisation de la règle 60 (Expression)]
    debut_tant_que        réduction par utilisation de la règle 51 (Operation)
    debut_tant_que        [réduction par utilisation de la règle 60 (Expression)]
    fin_tant_que          réduction par utilisation de la règle 51 (Operation)
    fin_tant_que          [réduction par utilisation de la règle 60 (Expression)]
    variable              réduction par utilisation de la règle 51 (Operation)
    variable              [réduction par utilisation de la règle 60 (Expression)]
    operateur_plus        réduction par utilisation de la règle 51 (Operation)
    operateur_plus        [réduction par utilisation de la règle 60 (Expression)]
    operateur_diviser     réduction par utilisation de la règle 51 (Operation)
    operateur_diviser     [réduction par utilisation de la règle 60 (Expression)]
    operateur_moins       réduction par utilisation de la règle 51 (Operation)
    operateur_moins       [réduction par utilisation de la règle 60 (Expression)]
    operateur_modulo      [réduction par utilisation de la règle 51 (Operation)]
    operateur_multiplier  [réduction par utilisation de la règle 51 (Operation)]
    operateur_multiplier  [réduction par utilisation de la règle 60 (Expression)]
    $défaut              réduction par utilisation de la règle 51 (Operation)


État 122

   51 Operation: Expression .
   56 Expression: Expression . operateur_plus Expression
   57           | Expression . operateur_moins Expression
   58           | Expression . operateur_multiplier Expression
   58           | Expression operateur_multiplier Expression .
   59           | Expression . operateur_diviser Expression
   60           | Expression . operateur_modulo Expression

    operateur_plus        décalage et aller à l'état 99
    operateur_diviser     décalage et aller à l'état 100
    operateur_moins       décalage et aller à l'état 101
    operateur_modulo      décalage et aller à l'état 102
    operateur_multiplier  décalage et aller à l'état 103

    parentheseFermee      réduction par utilisation de la règle 51 (Operation)
    parentheseFermee      [réduction par utilisation de la règle 58 (Expression)]
    fonction_lire         réduction par utilisation de la règle 51 (Operation)
    fonction_lire         [réduction par utilisation de la règle 58 (Expression)]
    fonction_ecrire       réduction par utilisation de la règle 51 (Operation)
    fonction_ecrire       [réduction par utilisation de la règle 58 (Expression)]
    fin                   réduction par utilisation de la règle 51 (Operation)
    fin                   [réduction par utilisation de la règle 58 (Expression)]
    retourne              réduction par utilisation de la règle 51 (Operation)
    retourne              [réduction par utilisation de la règle 58 (Expression)]
    debut_si              réduction par utilisation de la règle 51 (Operation)
    debut_si              [réduction par utilisation de la règle 58 (Expression)]
    sinon                 réduction par utilisation de la règle 51 (Operation)
    sinon                 [réduction par utilisation de la règle 58 (Expression)]
    fin_si                réduction par utilisation de la règle 51 (Operation)
    fin_si                [réduction par utilisation de la règle 58 (Expression)]
    debut_switch          réduction par utilisation de la règle 51 (Operation)
    debut_switch          [réduction par utilisation de la règle 58 (Expression)]
    debut_pour            réduction par utilisation de la règle 51 (Operation)
    debut_pour            [réduction par utilisation de la règle 58 (Expression)]
    faire                 réduction par utilisation de la règle 51 (Operation)
    faire                 [réduction par utilisation de la règle 58 (Expression)]
    fin_pour              réduction par utilisation de la règle 51 (Operation)
    fin_pour              [réduction par utilisation de la règle 58 (Expression)]
    debut_tant_que        réduction par utilisation de la règle 51 (Operation)
    debut_tant_que        [réduction par utilisation de la règle 58 (Expression)]
    fin_tant_que          réduction par utilisation de la règle 51 (Operation)
    fin_tant_que          [réduction par utilisation de la règle 58 (Expression)]
    variable              réduction par utilisation de la règle 51 (Operation)
    variable              [réduction par utilisation de la règle 58 (Expression)]
    operateur_plus        [réduction par utilisation de la règle 51 (Operation)]
    operateur_plus        [réduction par utilisation de la règle 58 (Expression)]
    operateur_diviser     [réduction par utilisation de la règle 51 (Operation)]
    operateur_diviser     [réduction par utilisation de la règle 58 (Expression)]
    operateur_moins       [réduction par utilisation de la règle 51 (Operation)]
    operateur_moins       [réduction par utilisation de la règle 58 (Expression)]
    operateur_modulo      [réduction par utilisation de la règle 51 (Operation)]
    operateur_modulo      [réduction par utilisation de la règle 58 (Expression)]
    operateur_multiplier  [réduction par utilisation de la règle 51 (Operation)]
    operateur_multiplier  [réduction par utilisation de la règle 58 (Expression)]
    $défaut              réduction par utilisation de la règle 51 (Operation)


État 123

   13 ContenuFonction: declaration Declarations debut ListeInstructions . Retourner fin

    retourne  décalage et aller à l'état 131

    Retourner  aller à l'état 132


État 124

   34 Complexe_Sinon: sinon Ensemble .

    $défaut  réduction par utilisation de la règle 34 (Complexe_Sinon)


État 125

   33 Complexe_Si: Ensemble Complexe_Sinon fin_si .

    $défaut  réduction par utilisation de la règle 33 (Complexe_Si)


État 126

   37 Complexe_Switch: defaut double_point Ensemble . fin

    fin  décalage et aller à l'état 133


État 127

   36 Complexe_Switch: ENTIER double_point Ensemble . fin Complexe_Switch

    fin  décalage et aller à l'état 134


État 128

   29 POUR_PAS: debut_pour_pas . Variable_ou_nombre

    variable  décalage et aller à l'état 70
    ENTIER    décalage et aller à l'état 71

    Variable_ou_nombre  aller à l'état 135


État 129

   26 Complexe: debut_pour variable debut_pour_allant_de Variable_ou_nombre debut_pour_a POUR_PAS . faire Ensemble fin_pour

    faire  décalage et aller à l'état 136


État 130

   55 Expression: variable parentheseOuverte ListeArgumentsAppel parentheseFermee .

    $défaut  réduction par utilisation de la règle 55 (Expression)


État 131

   15 Retourner: retourne . Variable_ou_nombre

    variable  décalage et aller à l'état 70
    ENTIER    décalage et aller à l'état 71

    Variable_ou_nombre  aller à l'état 137


État 132

   13 ContenuFonction: declaration Declarations debut ListeInstructions Retourner . fin

    fin  décalage et aller à l'état 138


État 133

   37 Complexe_Switch: defaut double_point Ensemble fin .

    $défaut  réduction par utilisation de la règle 37 (Complexe_Switch)


État 134

   36 Complexe_Switch: ENTIER double_point Ensemble fin . Complexe_Switch

    defaut  décalage et aller à l'état 87
    ENTIER  décalage et aller à l'état 88

    Complexe_Switch  aller à l'état 139


État 135

   29 POUR_PAS: debut_pour_pas Variable_ou_nombre .

    $défaut  réduction par utilisation de la règle 29 (POUR_PAS)


État 136

   26 Complexe: debut_pour variable debut_pour_allant_de Variable_ou_nombre debut_pour_a POUR_PAS faire . Ensemble fin_pour

    fonction_lire    décalage et aller à l'état 28
    fonction_ecrire  décalage et aller à l'état 29
    debut_si         décalage et aller à l'état 30
    debut_switch     décalage et aller à l'état 31
    debut_pour       décalage et aller à l'état 32
    faire            décalage et aller à l'état 33
    debut_tant_que   décalage et aller à l'état 34
    variable         décalage et aller à l'état 35

    $défaut  réduction par utilisation de la règle 23 (Ensemble)

    Ensemble            aller à l'état 140
    Complexe            aller à l'état 38
    Instruction         aller à l'état 39
    AppelFonctionSeule  aller à l'état 40
    Calcul              aller à l'état 41


État 137

   15 Retourner: retourne Variable_ou_nombre .

    $défaut  réduction par utilisation de la règle 15 (Retourner)


État 138

   13 ContenuFonction: declaration Declarations debut ListeInstructions Retourner fin .

    $défaut  réduction par utilisation de la règle 13 (ContenuFonction)


État 139

   36 Complexe_Switch: ENTIER double_point Ensemble fin Complexe_Switch .

    $défaut  réduction par utilisation de la règle 36 (Complexe_Switch)


État 140

   26 Complexe: debut_pour variable debut_pour_allant_de Variable_ou_nombre debut_pour_a POUR_PAS faire Ensemble . fin_pour

    fin_pour  décalage et aller à l'état 141


État 141

   26 Complexe: debut_pour variable debut_pour_allant_de Variable_ou_nombre debut_pour_a POUR_PAS faire Ensemble fin_pour .

    $défaut  réduction par utilisation de la règle 26 (Complexe)
